<?xml version="1.0" encoding="UTF-8"?>
<testng-results skipped="0" failed="0" ignored="0" total="1" passed="1">
  <reporter-output>
  </reporter-output>
  <suite name="Default suite" duration-ms="38638" started-at="2023-03-01T16:34:55 IST" finished-at="2023-03-01T16:35:33 IST">
    <groups>
    </groups>
    <test name="Default test" duration-ms="38638" started-at="2023-03-01T16:34:55 IST" finished-at="2023-03-01T16:35:33 IST">
      <class name="gmailAutomation.gmailAssignment">
        <test-method status="PASS" signature="gmailTest()[pri:0, instance:gmailAutomation.gmailAssignment@694e1548]" name="gmailTest" duration-ms="38569" started-at="2023-03-01T16:34:55 IST" finished-at="2023-03-01T16:35:33 IST">
          <reporter-output>
          </reporter-output>
        </test-method> <!-- gmailTest -->
      </class> <!-- gmailAutomation.gmailAssignment -->
    </test> <!-- Default test -->
  </suite> <!-- Default suite -->
</testng-results>
